0 info it worked if it ends with ok
1 verbose cli [ '/usr/local/bin/node', '/usr/local/bin/npm', 'install' ]
2 info using npm@2.14.3
3 info using node@v4.1.0
4 verbose readDependencies loading dependencies from /Users/dpw/roundpeg/secure-transfer/sandbox/node-webkit/nw-sample-apps/file-explorer/package.json
5 error install Couldn't read dependencies
6 verbose stack Error: Invalid version: "0.1"
6 verbose stack     at Object.module.exports.fixVersionField (/usr/local/lib/node_modules/npm/node_modules/normalize-package-data/lib/fixer.js:186:13)
6 verbose stack     at /usr/local/lib/node_modules/npm/node_modules/normalize-package-data/lib/normalize.js:32:38
6 verbose stack     at Array.forEach (native)
6 verbose stack     at normalize (/usr/local/lib/node_modules/npm/node_modules/normalize-package-data/lib/normalize.js:31:15)
6 verbose stack     at final (/usr/local/lib/node_modules/npm/node_modules/read-package-json/read-json.js:338:5)
6 verbose stack     at then (/usr/local/lib/node_modules/npm/node_modules/read-package-json/read-json.js:113:5)
6 verbose stack     at /usr/local/lib/node_modules/npm/node_modules/read-package-json/read-json.js:232:12
6 verbose stack     at FSReqWrap.readFileAfterClose [as oncomplete] (evalmachine.<anonymous>:380:3)
7 verbose cwd /Users/dpw/roundpeg/secure-transfer/sandbox/node-webkit/nw-sample-apps/file-explorer
8 error Darwin 14.5.0
9 error argv "/usr/local/bin/node" "/usr/local/bin/npm" "install"
10 error node v4.1.0
11 error npm  v2.14.3
12 error Invalid version: "0.1"
13 error If you need help, you may report this error at:
13 error     <https://github.com/npm/npm/issues>
14 verbose exit [ 1, true ]
